# JRE version: Java(TM) SE Runtime Environment (8.0_261-b12) (build 1.8.0_261-b12)
# Java VM: Java HotSpot(TM) 64-Bit Server VM (25.261-b12 mixed mode windows-amd64 compressed oops)
Heap:
 PSYoungGen      total 147968K, used 22499K [0x000000076b600000, 0x0000000776f80000, 0x00000007c0000000)
  eden space 137216K, 16% used [0x000000076b600000,0x000000076cbf8e48,0x0000000773c00000)
  from space 10752K, 0% used [0x0000000774680000,0x0000000774680000,0x0000000775100000)
  to   space 10752K, 0% used [0x0000000773c00000,0x0000000773c00000,0x0000000774680000)
 ParOldGen       total 133120K, used 12274K [0x00000006c2200000, 0x00000006ca400000, 0x000000076b600000)
  object space 133120K, 9% used [0x00000006c2200000,0x00000006c2dfc960,0x00000006ca400000)
 Metaspace       used 35156K, capacity 37059K, committed 37288K, reserved 1081344K
  class space    used 4402K, capacity 4762K, committed 4864K, reserved 1048576K
GC Heap History (10 events):
Event: 6.788 GC heap before
{Heap before GC invocations=6 (full 1):
 PSYoungGen      total 75776K, used 65024K [0x000000076b600000, 0x0000000770a80000, 0x00000007c0000000)
  eden space 65024K, 100% used [0x000000076b600000,0x000000076f580000,0x000000076f580000)
  from space 10752K, 0% used [0x0000000770000000,0x0000000770000000,0x0000000770a80000)
  to   space 10752K, 0% used [0x000000076f580000,0x000000076f580000,0x0000000770000000)
 ParOldGen       total 106496K, used 7321K [0x00000006c2200000, 0x00000006c8a00000, 0x000000076b600000)
  object space 106496K, 6% used [0x00000006c2200000,0x00000006c2926458,0x00000006c8a00000)
 Metaspace       used 24195K, capacity 25409K, committed 25600K, reserved 1071104K
  class space    used 3057K, capacity 3316K, committed 3328K, reserved 1048576K
Event: 6.795 GC heap after
Heap after GC invocations=6 (full 1):
 PSYoungGen      total 75776K, used 5783K [0x000000076b600000, 0x0000000772500000, 0x00000007c0000000)
  eden space 65024K, 0% used [0x000000076b600000,0x000000076b600000,0x000000076f580000)
  from space 10752K, 53% used [0x000000076f580000,0x000000076fb25ca0,0x0000000770000000)
  to   space 9728K, 0% used [0x0000000771b80000,0x0000000771b80000,0x0000000772500000)
 ParOldGen       total 106496K, used 7329K [0x00000006c2200000, 0x00000006c8a00000, 0x000000076b600000)
  object space 106496K, 6% used [0x00000006c2200000,0x00000006c2928458,0x00000006c8a00000)
 Metaspace       used 24195K, capacity 25409K, committed 25600K, reserved 1071104K
  class space    used 3057K, capacity 3316K, committed 3328K, reserved 1048576K
}
Event: 8.697 GC heap before
{Heap before GC invocations=7 (full 1):
 PSYoungGen      total 75776K, used 70758K [0x000000076b600000, 0x0000000772500000, 0x00000007c0000000)
  eden space 65024K, 99% used [0x000000076b600000,0x000000076f573cd0,0x000000076f580000)
  from space 10752K, 53% used [0x000000076f580000,0x000000076fb25ca0,0x0000000770000000)
  to   space 9728K, 0% used [0x0000000771b80000,0x0000000771b80000,0x0000000772500000)
 ParOldGen       total 106496K, used 7329K [0x00000006c2200000, 0x00000006c8a00000, 0x000000076b600000)
  object space 106496K, 6% used [0x00000006c2200000,0x00000006c2928458,0x00000006c8a00000)
 Metaspace       used 28533K, capacity 30227K, committed 30336K, reserved 1075200K
  class space    used 3619K, capacity 3911K, committed 3968K, reserved 1048576K
Event: 8.705 GC heap after
Heap after GC invocations=7 (full 1):
 PSYoungGen      total 100864K, used 6589K [0x000000076b600000, 0x0000000772380000, 0x00000007c0000000)
  eden space 92672K, 0% used [0x000000076b600000,0x000000076b600000,0x0000000771080000)
  from space 8192K, 80% used [0x0000000771b80000,0x00000007721ef708,0x0000000772380000)
  to   space 9728K, 0% used [0x0000000771080000,0x0000000771080000,0x0000000771a00000)
 ParOldGen       total 106496K, used 7337K [0x00000006c2200000, 0x00000006c8a00000, 0x000000076b600000)
  object space 106496K, 6% used [0x00000006c2200000,0x00000006c292a458,0x00000006c8a00000)
 Metaspace       used 28533K, capacity 30227K, committed 30336K, reserved 1075200K
  class space    used 3619K, capacity 3911K, committed 3968K, reserved 1048576K
}
Event: 10.097 GC heap before
{Heap before GC invocations=8 (full 1):
 PSYoungGen      total 100864K, used 99261K [0x000000076b600000, 0x0000000772380000, 0x00000007c0000000)
  eden space 92672K, 100% used [0x000000076b600000,0x0000000771080000,0x0000000771080000)
  from space 8192K, 80% used [0x0000000771b80000,0x00000007721ef708,0x0000000772380000)
  to   space 9728K, 0% used [0x0000000771080000,0x0000000771080000,0x0000000771a00000)
 ParOldGen       total 106496K, used 7337K [0x00000006c2200000, 0x00000006c8a00000, 0x000000076b600000)
  object space 106496K, 6% used [0x00000006c2200000,0x00000006c292a458,0x00000006c8a00000)
 Metaspace       used 33307K, capacity 35139K, committed 35328K, reserved 1079296K
  class space    used 4186K, capacity 4513K, committed 4608K, reserved 1048576K
Event: 10.114 GC heap after
Heap after GC invocations=8 (full 1):
 PSYoungGen      total 102400K, used 9718K [0x000000076b600000, 0x0000000775100000, 0x00000007c0000000)
  eden space 92672K, 0% used [0x000000076b600000,0x000000076b600000,0x0000000771080000)
  from space 9728K, 99% used [0x0000000771080000,0x00000007719fd808,0x0000000771a00000)
  to   space 10752K, 0% used [0x0000000774680000,0x0000000774680000,0x0000000775100000)
 ParOldGen       total 106496K, used 7854K [0x00000006c2200000, 0x00000006c8a00000, 0x000000076b600000)
  object space 106496K, 7% used [0x00000006c2200000,0x00000006c29abaa8,0x00000006c8a00000)
 Metaspace       used 33307K, capacity 35139K, committed 35328K, reserved 1079296K
  class space    used 4186K, capacity 4513K, committed 4608K, reserved 1048576K
}
Event: 10.171 GC heap before
{Heap before GC invocations=9 (full 1):
 PSYoungGen      total 102400K, used 13254K [0x000000076b600000, 0x0000000775100000, 0x00000007c0000000)
  eden space 92672K, 3% used [0x000000076b600000,0x000000076b9741c0,0x0000000771080000)
  from space 9728K, 99% used [0x0000000771080000,0x00000007719fd808,0x0000000771a00000)
  to   space 10752K, 0% used [0x0000000774680000,0x0000000774680000,0x0000000775100000)
 ParOldGen       total 106496K, used 7854K [0x00000006c2200000, 0x00000006c8a00000, 0x000000076b600000)
  object space 106496K, 7% used [0x00000006c2200000,0x00000006c29abaa8,0x00000006c8a00000)
 Metaspace       used 33480K, capacity 35331K, committed 35496K, reserved 1081344K
  class space    used 4209K, capacity 4513K, committed 4608K, reserved 1048576K
Event: 10.180 GC heap after
Heap after GC invocations=9 (full 1):
 PSYoungGen      total 147968K, used 7474K [0x000000076b600000, 0x0000000776f80000, 0x00000007c0000000)
  eden space 137216K, 0% used [0x000000076b600000,0x000000076b600000,0x0000000773c00000)
  from space 10752K, 69% used [0x0000000774680000,0x0000000774dcc800,0x0000000775100000)
  to   space 10752K, 0% used [0x0000000773c00000,0x0000000773c00000,0x0000000774680000)
 ParOldGen       total 106496K, used 7862K [0x00000006c2200000, 0x00000006c8a00000, 0x000000076b600000)
  object space 106496K, 7% used [0x00000006c2200000,0x00000006c29adaa8,0x00000006c8a00000)
 Metaspace       used 33480K, capacity 35331K, committed 35496K, reserved 1081344K
  class space    used 4209K, capacity 4513K, committed 4608K, reserved 1048576K
}
Event: 10.180 GC heap before
{Heap before GC invocations=10 (full 2):
 PSYoungGen      total 147968K, used 7474K [0x000000076b600000, 0x0000000776f80000, 0x00000007c0000000)
  eden space 137216K, 0% used [0x000000076b600000,0x000000076b600000,0x0000000773c00000)
  from space 10752K, 69% used [0x0000000774680000,0x0000000774dcc800,0x0000000775100000)
  to   space 10752K, 0% used [0x0000000773c00000,0x0000000773c00000,0x0000000774680000)
 ParOldGen       total 106496K, used 7862K [0x00000006c2200000, 0x00000006c8a00000, 0x000000076b600000)
  object space 106496K, 7% used [0x00000006c2200000,0x00000006c29adaa8,0x00000006c8a00000)
 Metaspace       used 33480K, capacity 35331K, committed 35496K, reserved 1081344K
  class space    used 4209K, capacity 4513K, committed 4608K, reserved 1048576K
Event: 10.246 GC heap after
Heap after GC invocations=10 (full 2):
 PSYoungGen      total 147968K, used 0K [0x000000076b600000, 0x0000000776f80000, 0x00000007c0000000)
  eden space 137216K, 0% used [0x000000076b600000,0x000000076b600000,0x0000000773c00000)
  from space 10752K, 0% used [0x0000000774680000,0x0000000774680000,0x0000000775100000)
  to   space 10752K, 0% used [0x0000000773c00000,0x0000000773c00000,0x0000000774680000)
 ParOldGen       total 133120K, used 12274K [0x00000006c2200000, 0x00000006ca400000, 0x000000076b600000)
  object space 133120K, 9% used [0x00000006c2200000,0x00000006c2dfc960,0x00000006ca400000)
 Metaspace       used 33480K, capacity 35331K, committed 35496K, reserved 1081344K
  class space    used 4209K, capacity 4513K, committed 4608K, reserved 1048576K
}

